<?xml version="1.0" encoding="UTF-8"?>
<!-- Generated by org.testng.reporters.JUnitReportReporter -->
<testsuite hostname="LAPTOP-BPCGH62E" failures="0" tests="1" name="test.AddProductToCartFromQuickViewTest" time="21.552" errors="0" timestamp="2023-10-28T17:38:19 GMT-04:00" skipped="0">
  <testcase classname="test.AddProductToCartFromQuickViewTest" name="verifyIfMultipleProductIsAddedOnCart" time="21.552"/>
</testsuite> <!-- test.AddProductToCartFromQuickViewTest -->
