<?xml version="1.0" encoding="UTF-8"?>
<!-- Generated by org.testng.reporters.JUnitReportReporter -->
<testsuite hostname="LAPTOP-BPCGH62E" failures="0" tests="1" name="test.AddProductToCartFromProddespPageTest" time="23.101" errors="0" timestamp="2023-10-26T23:26:29 GMT-04:00" skipped="0">
  <testcase classname="test.AddProductToCartFromProddespPageTest" name="verifyIfProductIsAddedOnCart" time="23.101"/>
</testsuite> <!-- test.AddProductToCartFromProddespPageTest -->
